{
  "/Users/georgesomerville/dev/code-tests/n-back-challange/n-back-challange/src/App.tsx": {
    "path": "/Users/georgesomerville/dev/code-tests/n-back-challange/n-back-challange/src/App.tsx",
    "all": false,
    "statementMap": {
      "0": {
        "start": { "line": 1, "column": 0 },
        "end": { "line": 1, "column": 44 }
      },
      "1": {
        "start": { "line": 2, "column": 0 },
        "end": { "line": 2, "column": 41 }
      },
      "2": {
        "start": { "line": 3, "column": 0 },
        "end": { "line": 3, "column": 49 }
      },
      "3": {
        "start": { "line": 4, "column": 0 },
        "end": { "line": 4, "column": 53 }
      },
      "4": {
        "start": { "line": 5, "column": 0 },
        "end": { "line": 5, "column": 41 }
      },
      "5": {
        "start": { "line": 6, "column": 0 },
        "end": { "line": 6, "column": 35 }
      },
      "6": {
        "start": { "line": 7, "column": 0 },
        "end": { "line": 7, "column": 19 }
      },
      "8": {
        "start": { "line": 9, "column": 0 },
        "end": { "line": 9, "column": 16 }
      },
      "9": {
        "start": { "line": 10, "column": 0 },
        "end": { "line": 10, "column": 39 }
      },
      "10": {
        "start": { "line": 11, "column": 0 },
        "end": { "line": 11, "column": 53 }
      },
      "11": {
        "start": { "line": 12, "column": 0 },
        "end": { "line": 12, "column": 41 }
      },
      "12": {
        "start": { "line": 13, "column": 0 },
        "end": { "line": 13, "column": 51 }
      },
      "14": {
        "start": { "line": 15, "column": 0 },
        "end": { "line": 15, "column": 43 }
      },
      "15": {
        "start": { "line": 16, "column": 0 },
        "end": { "line": 16, "column": 18 }
      },
      "16": {
        "start": { "line": 17, "column": 0 },
        "end": { "line": 17, "column": 32 }
      },
      "17": {
        "start": { "line": 18, "column": 0 },
        "end": { "line": 18, "column": 4 }
      },
      "19": {
        "start": { "line": 20, "column": 0 },
        "end": { "line": 20, "column": 80 }
      },
      "20": {
        "start": { "line": 21, "column": 0 },
        "end": { "line": 21, "column": 19 }
      },
      "21": {
        "start": { "line": 22, "column": 0 },
        "end": { "line": 22, "column": 94 }
      },
      "22": {
        "start": { "line": 23, "column": 0 },
        "end": { "line": 23, "column": 6 }
      },
      "24": {
        "start": { "line": 25, "column": 0 },
        "end": { "line": 25, "column": 32 }
      },
      "25": {
        "start": { "line": 26, "column": 0 },
        "end": { "line": 26, "column": 4 }
      },
      "27": {
        "start": { "line": 28, "column": 0 },
        "end": { "line": 28, "column": 33 }
      },
      "28": {
        "start": { "line": 29, "column": 0 },
        "end": { "line": 29, "column": 31 }
      },
      "29": {
        "start": { "line": 30, "column": 0 },
        "end": { "line": 30, "column": 4 }
      },
      "31": {
        "start": { "line": 32, "column": 0 },
        "end": { "line": 32, "column": 29 }
      },
      "32": {
        "start": { "line": 33, "column": 0 },
        "end": { "line": 33, "column": 34 }
      },
      "33": {
        "start": { "line": 34, "column": 0 },
        "end": { "line": 34, "column": 4 }
      },
      "35": {
        "start": { "line": 36, "column": 0 },
        "end": { "line": 36, "column": 19 }
      },
      "36": {
        "start": { "line": 37, "column": 0 },
        "end": { "line": 37, "column": 56 }
      },
      "37": {
        "start": { "line": 38, "column": 0 },
        "end": { "line": 38, "column": 58 }
      },
      "38": {
        "start": { "line": 39, "column": 0 },
        "end": { "line": 39, "column": 16 }
      },
      "39": {
        "start": { "line": 40, "column": 0 },
        "end": { "line": 40, "column": 55 }
      },
      "40": {
        "start": { "line": 41, "column": 0 },
        "end": { "line": 41, "column": 23 }
      },
      "41": {
        "start": { "line": 42, "column": 0 },
        "end": { "line": 42, "column": 24 }
      },
      "42": {
        "start": { "line": 43, "column": 0 },
        "end": { "line": 43, "column": 20 }
      },
      "43": {
        "start": { "line": 44, "column": 0 },
        "end": { "line": 44, "column": 23 }
      },
      "44": {
        "start": { "line": 45, "column": 0 },
        "end": { "line": 45, "column": 27 }
      },
      "45": {
        "start": { "line": 46, "column": 0 },
        "end": { "line": 46, "column": 26 }
      },
      "46": {
        "start": { "line": 47, "column": 0 },
        "end": { "line": 47, "column": 16 }
      },
      "47": {
        "start": { "line": 48, "column": 0 },
        "end": { "line": 48, "column": 68 }
      },
      "48": {
        "start": { "line": 49, "column": 0 },
        "end": { "line": 49, "column": 10 }
      },
      "49": {
        "start": { "line": 50, "column": 0 },
        "end": { "line": 50, "column": 21 }
      },
      "50": {
        "start": { "line": 51, "column": 0 },
        "end": { "line": 51, "column": 5 }
      },
      "51": {
        "start": { "line": 52, "column": 0 },
        "end": { "line": 52, "column": 21 }
      },
      "53": {
        "start": { "line": 54, "column": 0 },
        "end": { "line": 54, "column": 21 }
      },
      "54": {
        "start": { "line": 55, "column": 0 },
        "end": { "line": 55, "column": 67 }
      },
      "55": {
        "start": { "line": 56, "column": 0 },
        "end": { "line": 56, "column": 67 }
      },
      "56": {
        "start": { "line": 57, "column": 0 },
        "end": { "line": 57, "column": 73 }
      },
      "57": {
        "start": { "line": 58, "column": 0 },
        "end": { "line": 58, "column": 21 }
      },
      "58": {
        "start": { "line": 59, "column": 0 },
        "end": { "line": 59, "column": 8 }
      },
      "59": {
        "start": { "line": 60, "column": 0 },
        "end": { "line": 60, "column": 45 }
      },
      "60": {
        "start": { "line": 61, "column": 0 },
        "end": { "line": 61, "column": 69 }
      },
      "62": {
        "start": { "line": 63, "column": 0 },
        "end": { "line": 63, "column": 17 }
      },
      "63": {
        "start": { "line": 64, "column": 0 },
        "end": { "line": 64, "column": 9 }
      },
      "65": {
        "start": { "line": 66, "column": 0 },
        "end": { "line": 66, "column": 4 }
      },
      "67": {
        "start": { "line": 68, "column": 0 },
        "end": { "line": 68, "column": 10 }
      },
      "68": {
        "start": { "line": 69, "column": 0 },
        "end": { "line": 69, "column": 54 }
      },
      "69": {
        "start": { "line": 70, "column": 0 },
        "end": { "line": 70, "column": 31 }
      },
      "70": {
        "start": { "line": 71, "column": 0 },
        "end": { "line": 71, "column": 54 }
      },
      "71": {
        "start": { "line": 72, "column": 0 },
        "end": { "line": 72, "column": 15 }
      },
      "72": {
        "start": { "line": 73, "column": 0 },
        "end": { "line": 73, "column": 33 }
      },
      "73": {
        "start": { "line": 74, "column": 0 },
        "end": { "line": 74, "column": 11 }
      },
      "75": {
        "start": { "line": 76, "column": 0 },
        "end": { "line": 76, "column": 1 }
      },
      "77": {
        "start": { "line": 78, "column": 0 },
        "end": { "line": 78, "column": 19 }
      }
    },
    "s": {
      "0": 1,
      "1": 1,
      "2": 1,
      "3": 1,
      "4": 1,
      "5": 1,
      "6": 1,
      "8": 13,
      "9": 13,
      "10": 13,
      "11": 13,
      "12": 13,
      "14": 13,
      "15": 3,
      "16": 3,
      "17": 3,
      "19": 13,
      "20": 2,
      "21": 2,
      "22": 2,
      "24": 2,
      "25": 2,
      "27": 13,
      "28": 3,
      "29": 3,
      "31": 13,
      "32": 1,
      "33": 1,
      "35": 13,
      "36": 13,
      "37": 8,
      "38": 8,
      "39": 8,
      "40": 8,
      "41": 8,
      "42": 8,
      "43": 8,
      "44": 8,
      "45": 8,
      "46": 8,
      "47": 8,
      "48": 8,
      "49": 8,
      "50": 8,
      "51": 13,
      "53": 13,
      "54": 13,
      "55": 13,
      "56": 13,
      "57": 13,
      "58": 2,
      "59": 2,
      "60": 2,
      "62": 2,
      "63": 2,
      "65": 13,
      "67": 13,
      "68": 13,
      "69": 13,
      "70": 13,
      "71": 13,
      "72": 13,
      "73": 13,
      "75": 13,
      "77": 1
    },
    "branchMap": {
      "0": {
        "type": "branch",
        "line": 9,
        "loc": {
          "start": { "line": 9, "column": 0 },
          "end": { "line": 76, "column": 1 }
        },
        "locations": [
          {
            "start": { "line": 9, "column": 0 },
            "end": { "line": 76, "column": 1 }
          }
        ]
      },
      "1": {
        "type": "branch",
        "line": 15,
        "loc": {
          "start": { "line": 15, "column": 24 },
          "end": { "line": 18, "column": 4 }
        },
        "locations": [
          {
            "start": { "line": 15, "column": 24 },
            "end": { "line": 18, "column": 4 }
          }
        ]
      },
      "2": {
        "type": "branch",
        "line": 20,
        "loc": {
          "start": { "line": 20, "column": 25 },
          "end": { "line": 26, "column": 4 }
        },
        "locations": [
          {
            "start": { "line": 20, "column": 25 },
            "end": { "line": 26, "column": 4 }
          }
        ]
      },
      "3": {
        "type": "branch",
        "line": 28,
        "loc": {
          "start": { "line": 28, "column": 26 },
          "end": { "line": 30, "column": 4 }
        },
        "locations": [
          {
            "start": { "line": 28, "column": 26 },
            "end": { "line": 30, "column": 4 }
          }
        ]
      },
      "4": {
        "type": "branch",
        "line": 32,
        "loc": {
          "start": { "line": 32, "column": 22 },
          "end": { "line": 34, "column": 4 }
        },
        "locations": [
          {
            "start": { "line": 32, "column": 22 },
            "end": { "line": 34, "column": 4 }
          }
        ]
      },
      "5": {
        "type": "branch",
        "line": 36,
        "loc": {
          "start": { "line": 36, "column": 12 },
          "end": { "line": 52, "column": 5 }
        },
        "locations": [
          {
            "start": { "line": 36, "column": 12 },
            "end": { "line": 52, "column": 5 }
          }
        ]
      },
      "6": {
        "type": "branch",
        "line": 37,
        "loc": {
          "start": { "line": 37, "column": 55 },
          "end": { "line": 51, "column": 5 }
        },
        "locations": [
          {
            "start": { "line": 37, "column": 55 },
            "end": { "line": 51, "column": 5 }
          }
        ]
      },
      "7": {
        "type": "branch",
        "line": 55,
        "loc": {
          "start": { "line": 55, "column": 16 },
          "end": { "line": 55, "column": 67 }
        },
        "locations": [
          {
            "start": { "line": 55, "column": 16 },
            "end": { "line": 55, "column": 67 }
          }
        ]
      },
      "8": {
        "type": "branch",
        "line": 56,
        "loc": {
          "start": { "line": 56, "column": 14 },
          "end": { "line": 56, "column": 67 }
        },
        "locations": [
          {
            "start": { "line": 56, "column": 14 },
            "end": { "line": 56, "column": 67 }
          }
        ]
      },
      "9": {
        "type": "branch",
        "line": 57,
        "loc": {
          "start": { "line": 57, "column": 13 },
          "end": { "line": 57, "column": 73 }
        },
        "locations": [
          {
            "start": { "line": 57, "column": 13 },
            "end": { "line": 57, "column": 73 }
          }
        ]
      },
      "10": {
        "type": "branch",
        "line": 58,
        "loc": {
          "start": { "line": 58, "column": 14 },
          "end": { "line": 64, "column": 9 }
        },
        "locations": [
          {
            "start": { "line": 58, "column": 14 },
            "end": { "line": 64, "column": 9 }
          }
        ]
      }
    },
    "b": {
      "0": [13],
      "1": [3],
      "2": [2],
      "3": [3],
      "4": [1],
      "5": [13],
      "6": [8],
      "7": [5],
      "8": [3],
      "9": [3],
      "10": [2]
    },
    "fnMap": {
      "0": {
        "name": "App",
        "decl": {
          "start": { "line": 9, "column": 0 },
          "end": { "line": 76, "column": 1 }
        },
        "loc": {
          "start": { "line": 9, "column": 0 },
          "end": { "line": 76, "column": 1 }
        },
        "line": 9
      },
      "1": {
        "name": "handleSetGame",
        "decl": {
          "start": { "line": 15, "column": 24 },
          "end": { "line": 18, "column": 4 }
        },
        "loc": {
          "start": { "line": 15, "column": 24 },
          "end": { "line": 18, "column": 4 }
        },
        "line": 15
      },
      "2": {
        "name": "handleGameOver",
        "decl": {
          "start": { "line": 20, "column": 25 },
          "end": { "line": 26, "column": 4 }
        },
        "loc": {
          "start": { "line": 20, "column": 25 },
          "end": { "line": 26, "column": 4 }
        },
        "line": 20
      },
      "3": {
        "name": "handleGameReady",
        "decl": {
          "start": { "line": 28, "column": 26 },
          "end": { "line": 30, "column": 4 }
        },
        "loc": {
          "start": { "line": 28, "column": 26 },
          "end": { "line": 30, "column": 4 }
        },
        "line": 28
      },
      "4": {
        "name": "handleReset",
        "decl": {
          "start": { "line": 32, "column": 22 },
          "end": { "line": 34, "column": 4 }
        },
        "loc": {
          "start": { "line": 32, "column": 22 },
          "end": { "line": 34, "column": 4 }
        },
        "line": 32
      },
      "5": {
        "name": "notStarted",
        "decl": {
          "start": { "line": 55, "column": 16 },
          "end": { "line": 55, "column": 67 }
        },
        "loc": {
          "start": { "line": 55, "column": 16 },
          "end": { "line": 55, "column": 67 }
        },
        "line": 55
      },
      "6": {
        "name": "getReady",
        "decl": {
          "start": { "line": 56, "column": 14 },
          "end": { "line": 56, "column": 67 }
        },
        "loc": {
          "start": { "line": 56, "column": 14 },
          "end": { "line": 56, "column": 67 }
        },
        "line": 56
      },
      "7": {
        "name": "started",
        "decl": {
          "start": { "line": 57, "column": 13 },
          "end": { "line": 57, "column": 73 }
        },
        "loc": {
          "start": { "line": 57, "column": 13 },
          "end": { "line": 57, "column": 73 }
        },
        "line": 57
      },
      "8": {
        "name": "finished",
        "decl": {
          "start": { "line": 58, "column": 14 },
          "end": { "line": 64, "column": 9 }
        },
        "loc": {
          "start": { "line": 58, "column": 14 },
          "end": { "line": 64, "column": 9 }
        },
        "line": 58
      }
    },
    "f": {
      "0": 13,
      "1": 3,
      "2": 2,
      "3": 3,
      "4": 1,
      "5": 5,
      "6": 3,
      "7": 3,
      "8": 2
    }
  },
  "/Users/georgesomerville/dev/code-tests/n-back-challange/n-back-challange/src/main.tsx": {
    "path": "/Users/georgesomerville/dev/code-tests/n-back-challange/n-back-challange/src/main.tsx",
    "all": true,
    "statementMap": {
      "0": {
        "start": { "line": 1, "column": 0 },
        "end": { "line": 1, "column": 35 }
      },
      "1": {
        "start": { "line": 2, "column": 0 },
        "end": { "line": 2, "column": 46 }
      },
      "2": {
        "start": { "line": 3, "column": 0 },
        "end": { "line": 3, "column": 28 }
      },
      "4": {
        "start": { "line": 5, "column": 0 },
        "end": { "line": 5, "column": 52 }
      },
      "5": {
        "start": { "line": 6, "column": 0 },
        "end": { "line": 6, "column": 14 }
      },
      "6": {
        "start": { "line": 7, "column": 0 },
        "end": { "line": 7, "column": 11 }
      },
      "7": {
        "start": { "line": 8, "column": 0 },
        "end": { "line": 8, "column": 16 }
      },
      "8": {
        "start": { "line": 9, "column": 0 },
        "end": { "line": 9, "column": 2 }
      }
    },
    "s": { "0": 0, "1": 0, "2": 0, "4": 0, "5": 0, "6": 0, "7": 0, "8": 0 },
    "branchMap": {
      "0": {
        "type": "branch",
        "line": 1,
        "loc": {
          "start": { "line": 1, "column": 212 },
          "end": { "line": 9, "column": 2 }
        },
        "locations": [
          {
            "start": { "line": 1, "column": 212 },
            "end": { "line": 9, "column": 2 }
          }
        ]
      }
    },
    "b": { "0": [0] },
    "fnMap": {
      "0": {
        "name": "(empty-report)",
        "decl": {
          "start": { "line": 1, "column": 212 },
          "end": { "line": 9, "column": 2 }
        },
        "loc": {
          "start": { "line": 1, "column": 212 },
          "end": { "line": 9, "column": 2 }
        },
        "line": 1
      }
    },
    "f": { "0": 0 }
  },
  "/Users/georgesomerville/dev/code-tests/n-back-challange/n-back-challange/src/components/Game.tsx": {
    "path": "/Users/georgesomerville/dev/code-tests/n-back-challange/n-back-challange/src/components/Game.tsx",
    "all": false,
    "statementMap": {
      "0": {
        "start": { "line": 1, "column": 0 },
        "end": { "line": 1, "column": 44 }
      },
      "7": {
        "start": { "line": 8, "column": 0 },
        "end": { "line": 8, "column": 63 }
      },
      "8": {
        "start": { "line": 9, "column": 0 },
        "end": { "line": 9, "column": 34 }
      },
      "9": {
        "start": { "line": 10, "column": 0 },
        "end": { "line": 10, "column": 66 }
      },
      "10": {
        "start": { "line": 11, "column": 0 },
        "end": { "line": 11, "column": 62 }
      },
      "11": {
        "start": { "line": 12, "column": 0 },
        "end": { "line": 12, "column": 58 }
      },
      "12": {
        "start": { "line": 13, "column": 0 },
        "end": { "line": 13, "column": 52 }
      },
      "13": {
        "start": { "line": 14, "column": 0 },
        "end": { "line": 14, "column": 54 }
      },
      "15": {
        "start": { "line": 16, "column": 0 },
        "end": { "line": 16, "column": 19 }
      },
      "16": {
        "start": { "line": 17, "column": 0 },
        "end": { "line": 17, "column": 40 }
      },
      "17": {
        "start": { "line": 18, "column": 0 },
        "end": { "line": 18, "column": 78 }
      },
      "18": {
        "start": { "line": 19, "column": 0 },
        "end": { "line": 19, "column": 57 }
      },
      "19": {
        "start": { "line": 20, "column": 0 },
        "end": { "line": 20, "column": 32 }
      },
      "20": {
        "start": { "line": 21, "column": 0 },
        "end": { "line": 21, "column": 7 }
      },
      "22": {
        "start": { "line": 23, "column": 0 },
        "end": { "line": 23, "column": 52 }
      },
      "23": {
        "start": { "line": 24, "column": 0 },
        "end": { "line": 24, "column": 27 }
      },
      "24": {
        "start": { "line": 25, "column": 0 },
        "end": { "line": 25, "column": 13 }
      },
      "25": {
        "start": { "line": 26, "column": 0 },
        "end": { "line": 26, "column": 41 }
      },
      "26": {
        "start": { "line": 27, "column": 0 },
        "end": { "line": 27, "column": 6 }
      },
      "27": {
        "start": { "line": 28, "column": 0 },
        "end": { "line": 28, "column": 19 }
      },
      "28": {
        "start": { "line": 29, "column": 0 },
        "end": { "line": 29, "column": 23 }
      },
      "29": {
        "start": { "line": 30, "column": 0 },
        "end": { "line": 30, "column": 19 }
      },
      "30": {
        "start": { "line": 31, "column": 0 },
        "end": { "line": 31, "column": 21 }
      },
      "31": {
        "start": { "line": 32, "column": 0 },
        "end": { "line": 32, "column": 19 }
      },
      "32": {
        "start": { "line": 33, "column": 0 },
        "end": { "line": 33, "column": 5 }
      },
      "34": {
        "start": { "line": 35, "column": 0 },
        "end": { "line": 35, "column": 29 }
      },
      "35": {
        "start": { "line": 36, "column": 0 },
        "end": { "line": 36, "column": 74 }
      },
      "36": {
        "start": { "line": 37, "column": 0 },
        "end": { "line": 37, "column": 44 }
      },
      "37": {
        "start": { "line": 38, "column": 0 },
        "end": { "line": 38, "column": 25 }
      },
      "38": {
        "start": { "line": 39, "column": 0 },
        "end": { "line": 39, "column": 12 }
      },
      "39": {
        "start": { "line": 40, "column": 0 },
        "end": { "line": 40, "column": 26 }
      },
      "40": {
        "start": { "line": 41, "column": 0 },
        "end": { "line": 41, "column": 48 }
      },
      "41": {
        "start": { "line": 42, "column": 0 },
        "end": { "line": 42, "column": 5 }
      },
      "42": {
        "start": { "line": 43, "column": 0 },
        "end": { "line": 43, "column": 24 }
      },
      "43": {
        "start": { "line": 44, "column": 0 },
        "end": { "line": 44, "column": 4 }
      },
      "45": {
        "start": { "line": 46, "column": 0 },
        "end": { "line": 46, "column": 77 }
      },
      "46": {
        "start": { "line": 47, "column": 0 },
        "end": { "line": 47, "column": 58 }
      },
      "48": {
        "start": { "line": 49, "column": 0 },
        "end": { "line": 49, "column": 10 }
      },
      "49": {
        "start": { "line": 50, "column": 0 },
        "end": { "line": 50, "column": 74 }
      },
      "50": {
        "start": { "line": 51, "column": 0 },
        "end": { "line": 51, "column": 78 }
      },
      "51": {
        "start": { "line": 52, "column": 0 },
        "end": { "line": 52, "column": 71 }
      },
      "53": {
        "start": { "line": 54, "column": 0 },
        "end": { "line": 54, "column": 72 }
      },
      "54": {
        "start": { "line": 55, "column": 0 },
        "end": { "line": 55, "column": 32 }
      },
      "55": {
        "start": { "line": 56, "column": 0 },
        "end": { "line": 56, "column": 62 }
      },
      "57": {
        "start": { "line": 58, "column": 0 },
        "end": { "line": 58, "column": 17 }
      },
      "59": {
        "start": { "line": 60, "column": 0 },
        "end": { "line": 60, "column": 14 }
      },
      "61": {
        "start": { "line": 62, "column": 0 },
        "end": { "line": 62, "column": 2 }
      }
    },
    "s": {
      "0": 1,
      "7": 1,
      "8": 14,
      "9": 14,
      "10": 14,
      "11": 14,
      "12": 14,
      "13": 14,
      "15": 14,
      "16": 14,
      "17": 12,
      "18": 2,
      "19": 2,
      "20": 2,
      "22": 12,
      "23": 12,
      "24": 14,
      "25": 14,
      "26": 14,
      "27": 14,
      "28": 14,
      "29": 14,
      "30": 14,
      "31": 14,
      "32": 14,
      "34": 14,
      "35": 4,
      "36": 2,
      "37": 2,
      "38": 2,
      "39": 2,
      "40": 2,
      "41": 2,
      "42": 4,
      "43": 4,
      "45": 14,
      "46": 14,
      "48": 14,
      "49": 14,
      "50": 14,
      "51": 14,
      "53": 14,
      "54": 14,
      "55": 5,
      "57": 5,
      "59": 14,
      "61": 14
    },
    "branchMap": {
      "0": {
        "type": "branch",
        "line": 8,
        "loc": {
          "start": { "line": 8, "column": 20 },
          "end": { "line": 62, "column": 2 }
        },
        "locations": [
          {
            "start": { "line": 8, "column": 20 },
            "end": { "line": 62, "column": 2 }
          }
        ]
      },
      "1": {
        "type": "branch",
        "line": 47,
        "loc": {
          "start": { "line": 47, "column": 31 },
          "end": { "line": 47, "column": 58 }
        },
        "locations": [
          {
            "start": { "line": 47, "column": 31 },
            "end": { "line": 47, "column": 58 }
          }
        ]
      },
      "2": {
        "type": "branch",
        "line": 54,
        "loc": {
          "start": { "line": 54, "column": 7 },
          "end": { "line": 54, "column": 72 }
        },
        "locations": [
          {
            "start": { "line": 54, "column": 7 },
            "end": { "line": 54, "column": 72 }
          }
        ]
      },
      "3": {
        "type": "branch",
        "line": 54,
        "loc": {
          "start": { "line": 54, "column": 27 },
          "end": { "line": 54, "column": 52 }
        },
        "locations": [
          {
            "start": { "line": 54, "column": 27 },
            "end": { "line": 54, "column": 52 }
          }
        ]
      },
      "4": {
        "type": "branch",
        "line": 54,
        "loc": {
          "start": { "line": 54, "column": 39 },
          "end": { "line": 54, "column": 65 }
        },
        "locations": [
          {
            "start": { "line": 54, "column": 39 },
            "end": { "line": 54, "column": 65 }
          }
        ]
      },
      "5": {
        "type": "branch",
        "line": 55,
        "loc": {
          "start": { "line": 55, "column": 7 },
          "end": { "line": 58, "column": 17 }
        },
        "locations": [
          {
            "start": { "line": 55, "column": 7 },
            "end": { "line": 58, "column": 17 }
          }
        ]
      },
      "6": {
        "type": "branch",
        "line": 16,
        "loc": {
          "start": { "line": 16, "column": 12 },
          "end": { "line": 27, "column": 5 }
        },
        "locations": [
          {
            "start": { "line": 16, "column": 12 },
            "end": { "line": 27, "column": 5 }
          }
        ]
      },
      "7": {
        "type": "branch",
        "line": 17,
        "loc": {
          "start": { "line": 17, "column": 33 },
          "end": { "line": 25, "column": 7 }
        },
        "locations": [
          {
            "start": { "line": 17, "column": 33 },
            "end": { "line": 25, "column": 7 }
          }
        ]
      },
      "8": {
        "type": "branch",
        "line": 18,
        "loc": {
          "start": { "line": 18, "column": 50 },
          "end": { "line": 18, "column": 77 }
        },
        "locations": [
          {
            "start": { "line": 18, "column": 50 },
            "end": { "line": 18, "column": 77 }
          }
        ]
      },
      "9": {
        "type": "branch",
        "line": 18,
        "loc": {
          "start": { "line": 18, "column": 77 },
          "end": { "line": 21, "column": 7 }
        },
        "locations": [
          {
            "start": { "line": 18, "column": 77 },
            "end": { "line": 21, "column": 7 }
          }
        ]
      },
      "10": {
        "type": "branch",
        "line": 26,
        "loc": {
          "start": { "line": 26, "column": 11 },
          "end": { "line": 26, "column": 41 }
        },
        "locations": [
          {
            "start": { "line": 26, "column": 11 },
            "end": { "line": 26, "column": 41 }
          }
        ]
      },
      "11": {
        "type": "branch",
        "line": 35,
        "loc": {
          "start": { "line": 35, "column": 22 },
          "end": { "line": 44, "column": 4 }
        },
        "locations": [
          {
            "start": { "line": 35, "column": 22 },
            "end": { "line": 44, "column": 4 }
          }
        ]
      },
      "12": {
        "type": "branch",
        "line": 36,
        "loc": {
          "start": { "line": 36, "column": 73 },
          "end": { "line": 42, "column": 5 }
        },
        "locations": [
          {
            "start": { "line": 36, "column": 73 },
            "end": { "line": 42, "column": 5 }
          }
        ]
      }
    },
    "b": {
      "0": [14],
      "1": [9],
      "2": [4],
      "3": [2],
      "4": [2],
      "5": [5],
      "6": [14],
      "7": [12],
      "8": [10],
      "9": [2],
      "10": [14],
      "11": [4],
      "12": [2]
    },
    "fnMap": {
      "0": {
        "name": "Game",
        "decl": {
          "start": { "line": 8, "column": 20 },
          "end": { "line": 62, "column": 2 }
        },
        "loc": {
          "start": { "line": 8, "column": 20 },
          "end": { "line": 62, "column": 2 }
        },
        "line": 8
      },
      "1": {
        "name": "handleGuess",
        "decl": {
          "start": { "line": 35, "column": 22 },
          "end": { "line": 44, "column": 4 }
        },
        "loc": {
          "start": { "line": 35, "column": 22 },
          "end": { "line": 44, "column": 4 }
        },
        "line": 35
      }
    },
    "f": { "0": 14, "1": 4 }
  },
  "/Users/georgesomerville/dev/code-tests/n-back-challange/n-back-challange/src/components/GetReady.tsx": {
    "path": "/Users/georgesomerville/dev/code-tests/n-back-challange/n-back-challange/src/components/GetReady.tsx",
    "all": false,
    "statementMap": {
      "0": {
        "start": { "line": 1, "column": 0 },
        "end": { "line": 1, "column": 44 }
      },
      "6": {
        "start": { "line": 7, "column": 0 },
        "end": { "line": 7, "column": 75 }
      },
      "7": {
        "start": { "line": 8, "column": 0 },
        "end": { "line": 8, "column": 48 }
      },
      "9": {
        "start": { "line": 10, "column": 0 },
        "end": { "line": 10, "column": 19 }
      },
      "10": {
        "start": { "line": 11, "column": 0 },
        "end": { "line": 11, "column": 37 }
      },
      "11": {
        "start": { "line": 12, "column": 0 },
        "end": { "line": 12, "column": 39 }
      },
      "12": {
        "start": { "line": 13, "column": 0 },
        "end": { "line": 13, "column": 13 }
      },
      "14": {
        "start": { "line": 15, "column": 0 },
        "end": { "line": 15, "column": 26 }
      },
      "15": {
        "start": { "line": 16, "column": 0 },
        "end": { "line": 16, "column": 27 }
      },
      "16": {
        "start": { "line": 17, "column": 0 },
        "end": { "line": 17, "column": 24 }
      },
      "17": {
        "start": { "line": 18, "column": 0 },
        "end": { "line": 18, "column": 5 }
      },
      "19": {
        "start": { "line": 20, "column": 0 },
        "end": { "line": 20, "column": 38 }
      },
      "20": {
        "start": { "line": 21, "column": 0 },
        "end": { "line": 21, "column": 35 }
      },
      "22": {
        "start": { "line": 23, "column": 0 },
        "end": { "line": 23, "column": 10 }
      },
      "23": {
        "start": { "line": 24, "column": 0 },
        "end": { "line": 24, "column": 26 }
      },
      "24": {
        "start": { "line": 25, "column": 0 },
        "end": { "line": 25, "column": 46 }
      },
      "25": {
        "start": { "line": 26, "column": 0 },
        "end": { "line": 26, "column": 26 }
      },
      "28": {
        "start": { "line": 29, "column": 0 },
        "end": { "line": 29, "column": 10 }
      },
      "29": {
        "start": { "line": 30, "column": 0 },
        "end": { "line": 30, "column": 24 }
      },
      "30": {
        "start": { "line": 31, "column": 0 },
        "end": { "line": 31, "column": 10 }
      },
      "32": {
        "start": { "line": 33, "column": 0 },
        "end": { "line": 33, "column": 2 }
      }
    },
    "s": {
      "0": 1,
      "6": 1,
      "7": 8,
      "9": 8,
      "10": 8,
      "11": 9,
      "12": 8,
      "14": 8,
      "15": 3,
      "16": 3,
      "17": 3,
      "19": 8,
      "20": 8,
      "22": 8,
      "23": 8,
      "24": 8,
      "25": 8,
      "28": 8,
      "29": 8,
      "30": 8,
      "32": 8
    },
    "branchMap": {
      "0": {
        "type": "branch",
        "line": 7,
        "loc": {
          "start": { "line": 7, "column": 49 },
          "end": { "line": 33, "column": 2 }
        },
        "locations": [
          {
            "start": { "line": 7, "column": 49 },
            "end": { "line": 33, "column": 2 }
          }
        ]
      },
      "1": {
        "type": "branch",
        "line": 10,
        "loc": {
          "start": { "line": 10, "column": 12 },
          "end": { "line": 21, "column": 5 }
        },
        "locations": [
          {
            "start": { "line": 10, "column": 12 },
            "end": { "line": 21, "column": 5 }
          }
        ]
      },
      "2": {
        "type": "branch",
        "line": 15,
        "loc": {
          "start": { "line": 15, "column": 25 },
          "end": { "line": 18, "column": 5 }
        },
        "locations": [
          {
            "start": { "line": 15, "column": 25 },
            "end": { "line": 18, "column": 5 }
          }
        ]
      },
      "3": {
        "type": "branch",
        "line": 11,
        "loc": {
          "start": { "line": 11, "column": 30 },
          "end": { "line": 13, "column": 7 }
        },
        "locations": [
          {
            "start": { "line": 11, "column": 30 },
            "end": { "line": 13, "column": 7 }
          }
        ]
      },
      "4": {
        "type": "branch",
        "line": 12,
        "loc": {
          "start": { "line": 12, "column": 19 },
          "end": { "line": 12, "column": 37 }
        },
        "locations": [
          {
            "start": { "line": 12, "column": 19 },
            "end": { "line": 12, "column": 37 }
          }
        ]
      },
      "5": {
        "type": "branch",
        "line": 20,
        "loc": {
          "start": { "line": 20, "column": 11 },
          "end": { "line": 20, "column": 38 }
        },
        "locations": [
          {
            "start": { "line": 20, "column": 11 },
            "end": { "line": 20, "column": 38 }
          }
        ]
      }
    },
    "b": { "0": [8], "1": [8], "2": [3], "3": [9], "4": [9], "5": [8] },
    "fnMap": {
      "0": {
        "name": "GetReady",
        "decl": {
          "start": { "line": 7, "column": 49 },
          "end": { "line": 33, "column": 2 }
        },
        "loc": {
          "start": { "line": 7, "column": 49 },
          "end": { "line": 33, "column": 2 }
        },
        "line": 7
      }
    },
    "f": { "0": 8 }
  },
  "/Users/georgesomerville/dev/code-tests/n-back-challange/n-back-challange/src/components/NotStarted.tsx": {
    "path": "/Users/georgesomerville/dev/code-tests/n-back-challange/n-back-challange/src/components/NotStarted.tsx",
    "all": false,
    "statementMap": {
      "0": {
        "start": { "line": 1, "column": 0 },
        "end": { "line": 1, "column": 33 }
      },
      "2": {
        "start": { "line": 3, "column": 0 },
        "end": { "line": 3, "column": 28 }
      },
      "3": {
        "start": { "line": 4, "column": 0 },
        "end": { "line": 4, "column": 16 }
      },
      "4": {
        "start": { "line": 5, "column": 0 },
        "end": { "line": 5, "column": 4 }
      },
      "6": {
        "start": { "line": 7, "column": 0 },
        "end": { "line": 7, "column": 7 }
      },
      "7": {
        "start": { "line": 8, "column": 0 },
        "end": { "line": 8, "column": 39 }
      },
      "8": {
        "start": { "line": 9, "column": 0 },
        "end": { "line": 9, "column": 48 }
      },
      "9": {
        "start": { "line": 10, "column": 0 },
        "end": { "line": 10, "column": 23 }
      },
      "10": {
        "start": { "line": 11, "column": 0 },
        "end": { "line": 11, "column": 24 }
      },
      "11": {
        "start": { "line": 12, "column": 0 },
        "end": { "line": 12, "column": 4 }
      },
      "13": {
        "start": { "line": 14, "column": 0 },
        "end": { "line": 14, "column": 10 }
      },
      "14": {
        "start": { "line": 15, "column": 0 },
        "end": { "line": 15, "column": 72 }
      },
      "15": {
        "start": { "line": 16, "column": 0 },
        "end": { "line": 16, "column": 15 }
      },
      "16": {
        "start": { "line": 17, "column": 0 },
        "end": { "line": 17, "column": 20 }
      },
      "17": {
        "start": { "line": 18, "column": 0 },
        "end": { "line": 18, "column": 21 }
      },
      "18": {
        "start": { "line": 19, "column": 0 },
        "end": { "line": 19, "column": 33 }
      },
      "19": {
        "start": { "line": 20, "column": 0 },
        "end": { "line": 20, "column": 49 }
      },
      "20": {
        "start": { "line": 21, "column": 0 },
        "end": { "line": 21, "column": 61 }
      },
      "21": {
        "start": { "line": 22, "column": 0 },
        "end": { "line": 22, "column": 21 }
      },
      "22": {
        "start": { "line": 23, "column": 0 },
        "end": { "line": 23, "column": 44 }
      },
      "23": {
        "start": { "line": 24, "column": 0 },
        "end": { "line": 24, "column": 16 }
      },
      "24": {
        "start": { "line": 25, "column": 0 },
        "end": { "line": 25, "column": 18 }
      },
      "25": {
        "start": { "line": 26, "column": 0 },
        "end": { "line": 26, "column": 58 }
      },
      "27": {
        "start": { "line": 28, "column": 0 },
        "end": { "line": 28, "column": 15 }
      },
      "28": {
        "start": { "line": 29, "column": 0 },
        "end": { "line": 29, "column": 11 }
      },
      "30": {
        "start": { "line": 31, "column": 0 },
        "end": { "line": 31, "column": 2 }
      }
    },
    "s": {
      "0": 1,
      "2": 1,
      "3": 8,
      "4": 8,
      "6": 8,
      "7": 8,
      "8": 8,
      "9": 3,
      "10": 3,
      "11": 3,
      "13": 8,
      "14": 8,
      "15": 8,
      "16": 8,
      "17": 8,
      "18": 8,
      "19": 8,
      "20": 8,
      "21": 8,
      "22": 8,
      "23": 8,
      "24": 8,
      "25": 8,
      "27": 8,
      "28": 8,
      "30": 8
    },
    "branchMap": {
      "0": {
        "type": "branch",
        "line": 3,
        "loc": {
          "start": { "line": 3, "column": 26 },
          "end": { "line": 31, "column": 2 }
        },
        "locations": [
          {
            "start": { "line": 3, "column": 26 },
            "end": { "line": 31, "column": 2 }
          }
        ]
      },
      "1": {
        "type": "branch",
        "line": 9,
        "loc": {
          "start": { "line": 9, "column": 23 },
          "end": { "line": 12, "column": 4 }
        },
        "locations": [
          {
            "start": { "line": 9, "column": 23 },
            "end": { "line": 12, "column": 4 }
          }
        ]
      },
      "2": {
        "type": "branch",
        "line": 20,
        "loc": {
          "start": { "line": 20, "column": 18 },
          "end": { "line": 20, "column": 49 }
        },
        "locations": [
          {
            "start": { "line": 20, "column": 18 },
            "end": { "line": 20, "column": 49 }
          }
        ]
      }
    },
    "b": { "0": [8], "1": [3], "2": [3] },
    "fnMap": {
      "0": {
        "name": "NotStarted",
        "decl": {
          "start": { "line": 3, "column": 26 },
          "end": { "line": 31, "column": 2 }
        },
        "loc": {
          "start": { "line": 3, "column": 26 },
          "end": { "line": 31, "column": 2 }
        },
        "line": 3
      },
      "1": {
        "name": "handleSubmit",
        "decl": {
          "start": { "line": 9, "column": 23 },
          "end": { "line": 12, "column": 4 }
        },
        "loc": {
          "start": { "line": 9, "column": 23 },
          "end": { "line": 12, "column": 4 }
        },
        "line": 9
      },
      "2": {
        "name": "onChange",
        "decl": {
          "start": { "line": 20, "column": 18 },
          "end": { "line": 20, "column": 49 }
        },
        "loc": {
          "start": { "line": 20, "column": 18 },
          "end": { "line": 20, "column": 49 }
        },
        "line": 20
      }
    },
    "f": { "0": 8, "1": 3, "2": 3 }
  },
  "/Users/georgesomerville/dev/code-tests/n-back-challange/n-back-challange/src/server/api.ts": {
    "path": "/Users/georgesomerville/dev/code-tests/n-back-challange/n-back-challange/src/server/api.ts",
    "all": false,
    "statementMap": {
      "0": {
        "start": { "line": 1, "column": 0 },
        "end": { "line": 1, "column": 51 }
      },
      "1": {
        "start": { "line": 2, "column": 0 },
        "end": { "line": 2, "column": 7 }
      },
      "2": {
        "start": { "line": 3, "column": 0 },
        "end": { "line": 3, "column": 48 }
      },
      "3": {
        "start": { "line": 4, "column": 0 },
        "end": { "line": 4, "column": 21 }
      },
      "4": {
        "start": { "line": 5, "column": 0 },
        "end": { "line": 5, "column": 16 }
      },
      "5": {
        "start": { "line": 6, "column": 0 },
        "end": { "line": 6, "column": 43 }
      },
      "6": {
        "start": { "line": 7, "column": 0 },
        "end": { "line": 7, "column": 8 }
      },
      "7": {
        "start": { "line": 8, "column": 0 },
        "end": { "line": 8, "column": 38 }
      },
      "8": {
        "start": { "line": 9, "column": 0 },
        "end": { "line": 9, "column": 7 }
      },
      "10": {
        "start": { "line": 11, "column": 0 },
        "end": { "line": 11, "column": 23 }
      },
      "11": {
        "start": { "line": 12, "column": 0 },
        "end": { "line": 12, "column": 53 }
      },
      "12": {
        "start": { "line": 13, "column": 0 },
        "end": { "line": 13, "column": 5 }
      },
      "14": {
        "start": { "line": 15, "column": 0 },
        "end": { "line": 15, "column": 47 }
      },
      "15": {
        "start": { "line": 16, "column": 0 },
        "end": { "line": 16, "column": 24 }
      },
      "16": {
        "start": { "line": 17, "column": 0 },
        "end": { "line": 17, "column": 19 }
      },
      "17": {
        "start": { "line": 18, "column": 0 },
        "end": { "line": 18, "column": 49 }
      },
      "18": {
        "start": { "line": 19, "column": 0 },
        "end": { "line": 19, "column": 16 }
      },
      "19": {
        "start": { "line": 20, "column": 0 },
        "end": { "line": 20, "column": 3 }
      },
      "20": {
        "start": { "line": 21, "column": 0 },
        "end": { "line": 21, "column": 2 }
      }
    },
    "s": {
      "0": 1,
      "1": 8,
      "2": 8,
      "3": 8,
      "4": 8,
      "5": 8,
      "6": 8,
      "7": 8,
      "8": 8,
      "10": 8,
      "11": 0,
      "12": 0,
      "14": 8,
      "15": 8,
      "16": 8,
      "17": 0,
      "18": 0,
      "19": 0,
      "20": 8
    },
    "branchMap": {
      "0": {
        "type": "branch",
        "line": 1,
        "loc": {
          "start": { "line": 1, "column": 25 },
          "end": { "line": 21, "column": 2 }
        },
        "locations": [
          {
            "start": { "line": 1, "column": 25 },
            "end": { "line": 21, "column": 2 }
          }
        ]
      },
      "1": {
        "type": "branch",
        "line": 11,
        "loc": {
          "start": { "line": 11, "column": 22 },
          "end": { "line": 13, "column": 5 }
        },
        "locations": [
          {
            "start": { "line": 11, "column": 22 },
            "end": { "line": 13, "column": 5 }
          }
        ]
      },
      "2": {
        "type": "branch",
        "line": 17,
        "loc": {
          "start": { "line": 17, "column": 2 },
          "end": { "line": 20, "column": 3 }
        },
        "locations": [
          {
            "start": { "line": 17, "column": 2 },
            "end": { "line": 20, "column": 3 }
          }
        ]
      }
    },
    "b": { "0": [8], "1": [0], "2": [0] },
    "fnMap": {
      "0": {
        "name": "sendEvent",
        "decl": {
          "start": { "line": 1, "column": 25 },
          "end": { "line": 21, "column": 2 }
        },
        "loc": {
          "start": { "line": 1, "column": 25 },
          "end": { "line": 21, "column": 2 }
        },
        "line": 1
      }
    },
    "f": { "0": 8 }
  }
}
